0 info it worked if it ends with ok
1 verbose cli [ 'C:\\dev\\Programs\\nodejs\\\\node.exe',
1 verbose cli   'C:\\dev\\Programs\\nodejs\\node_modules\\npm\\bin\\npm-cli.js',
1 verbose cli   'install',
1 verbose cli   '-g',
1 verbose cli   'phonegapbuild' ]
2 info using npm@1.4.3
3 info using node@v0.10.26
4 verbose node symlink C:\dev\Programs\nodejs\\node.exe
5 verbose cache add [ 'phonegapbuild', null ]
6 verbose cache add name=undefined spec="phonegapbuild" args=["phonegapbuild",null]
7 verbose parsed url { protocol: null,
7 verbose parsed url   slashes: null,
7 verbose parsed url   auth: null,
7 verbose parsed url   host: null,
7 verbose parsed url   port: null,
7 verbose parsed url   hostname: null,
7 verbose parsed url   hash: null,
7 verbose parsed url   search: null,
7 verbose parsed url   query: null,
7 verbose parsed url   pathname: 'phonegapbuild',
7 verbose parsed url   path: 'phonegapbuild',
7 verbose parsed url   href: 'phonegapbuild' }
8 silly lockFile 8d9081fe-phonegapbuild phonegapbuild
9 verbose lock phonegapbuild C:\Users\Jen\AppData\Roaming\npm-cache\8d9081fe-phonegapbuild.lock
10 silly lockFile 8d9081fe-phonegapbuild phonegapbuild
11 silly lockFile 8d9081fe-phonegapbuild phonegapbuild
12 verbose addNamed [ 'phonegapbuild', '' ]
13 verbose addNamed [ null, '*' ]
14 silly lockFile af75f91d-phonegapbuild phonegapbuild@
15 verbose lock phonegapbuild@ C:\Users\Jen\AppData\Roaming\npm-cache\af75f91d-phonegapbuild.lock
16 silly addNameRange { name: 'phonegapbuild', range: '*', hasData: false }
17 verbose url raw phonegapbuild
18 verbose url resolving [ 'https://registry.npmjs.org/', './phonegapbuild' ]
19 verbose url resolved https://registry.npmjs.org/phonegapbuild
20 info trying registry request attempt 1 at 15:42:18
21 http GET https://registry.npmjs.org/phonegapbuild
22 http 404 https://registry.npmjs.org/phonegapbuild
23 silly registry.get cb [ 404,
23 silly registry.get   { date: 'Sun, 06 Jul 2014 21:42:18 GMT',
23 silly registry.get     server: 'CouchDB/1.5.0 (Erlang OTP/R16B03)',
23 silly registry.get     'content-type': 'application/json',
23 silly registry.get     'cache-control': 'max-age=0',
23 silly registry.get     'content-length': '52',
23 silly registry.get     'accept-ranges': 'bytes',
23 silly registry.get     via: '1.1 varnish',
23 silly registry.get     age: '0',
23 silly registry.get     'x-served-by': 'cache-lax1427-LAX',
23 silly registry.get     'x-cache': 'MISS',
23 silly registry.get     'x-cache-hits': '0',
23 silly registry.get     'x-timer': 'S1404682938.508127,VS0,VE38',
23 silly registry.get     'keep-alive': 'timeout=10, max=50',
23 silly registry.get     connection: 'Keep-Alive' } ]
24 silly lockFile af75f91d-phonegapbuild phonegapbuild@
25 silly lockFile af75f91d-phonegapbuild phonegapbuild@
26 error 404 'phonegapbuild' is not in the npm registry.
26 error 404 You should bug the author to publish it
26 error 404
26 error 404 Note that you can also install from a
26 error 404 tarball, folder, or http url, or git url.
27 error System Windows_NT 6.1.7601
28 error command "C:\\dev\\Programs\\nodejs\\\\node.exe" "C:\\dev\\Programs\\nodejs\\node_modules\\npm\\bin\\npm-cli.js" "install" "-g" "phonegapbuild"
29 error cwd C:\dev\projects\koi
30 error node -v v0.10.26
31 error npm -v 1.4.3
32 error code E404
33 verbose exit [ 1, true ]
